This file contains any messages produced by compilers while
running configure, to aid debugging if configure makes a mistake.

It was created by fighter configure 1.1, which was
generated by GNU Autoconf 2.68.  Invocation command line was

  $ ./configure 

## --------- ##
## Platform. ##
## --------- ##

hostname = louxiu
uname -m = i686
uname -r = 3.3.8-gentoo
uname -s = Linux
uname -v = #2 SMP Sun Aug 26 16:06:21 CST 2012

/usr/bin/uname -p = Intel(R) Core(TM)2 Duo CPU T5750 @ 2.00GHz
/bin/uname -X     = unknown

/bin/arch              = unknown
/usr/bin/arch -k       = unknown
/usr/convex/getsysinfo = unknown
/usr/bin/hostinfo      = unknown
/bin/machine           = unknown
/usr/bin/oslevel       = unknown
/bin/universe          = unknown

PATH: /usr/local/bin
PATH: /usr/bin
PATH: /bin
PATH: /opt/bin
PATH: /usr/i686-pc-linux-gnu/gcc-bin/4.4.5
PATH: /home/louxiu/Dropbox/Source code/XIU/source/sh
PATH: /lou/texlive/bin/i386-linux


## ----------- ##
## Core tests. ##
## ----------- ##

configure:1933: checking for a BSD-compatible install
configure:2001: result: /usr/bin/install -c
configure:2012: checking whether build environment is sane
configure:2062: result: yes
configure:2203: checking for a thread-safe mkdir -p
configure:2242: result: /bin/mkdir -p
configure:2255: checking for gawk
configure:2271: found /usr/bin/gawk
configure:2282: result: gawk
configure:2293: checking whether make sets $(MAKE)
configure:2315: result: yes
configure:2413: checking for style of include used by make
configure:2441: result: GNU
configure:2511: checking for gcc
configure:2527: found /usr/bin/gcc
configure:2538: result: gcc
configure:2767: checking for C compiler version
configure:2776: gcc --version >&5
gcc (Gentoo 4.5.4 p1.0, pie-0.4.7) 4.5.4
Copyright (C) 2010 Free Software Foundation, Inc.
This is free software; see the source for copying conditions.  There is NO
warranty; not even for MERCHANTABILITY or FITNESS FOR A PARTICULAR PURPOSE.

configure:2787: $? = 0
configure:2776: gcc -v >&5
Using built-in specs.
COLLECT_GCC=/usr/i686-pc-linux-gnu/gcc-bin/4.5.4/gcc
COLLECT_LTO_WRAPPER=/usr/libexec/gcc/i686-pc-linux-gnu/4.5.4/lto-wrapper
Target: i686-pc-linux-gnu
Configured with: /var/tmp/portage/sys-devel/gcc-4.5.4/work/gcc-4.5.4/configure --prefix=/usr --bindir=/usr/i686-pc-linux-gnu/gcc-bin/4.5.4 --includedir=/usr/lib/gcc/i686-pc-linux-gnu/4.5.4/include --datadir=/usr/share/gcc-data/i686-pc-linux-gnu/4.5.4 --mandir=/usr/share/gcc-data/i686-pc-linux-gnu/4.5.4/man --infodir=/usr/share/gcc-data/i686-pc-linux-gnu/4.5.4/info --with-gxx-include-dir=/usr/lib/gcc/i686-pc-linux-gnu/4.5.4/include/g++-v4 --host=i686-pc-linux-gnu --build=i686-pc-linux-gnu --disable-altivec --disable-fixed-point --without-ppl --without-cloog --disable-lto --enable-nls --without-included-gettext --with-system-zlib --enable-obsolete --disable-werror --enable-secureplt --disable-multilib --enable-libmudflap --disable-libssp --enable-libgomp --with-python-dir=/share/gcc-data/i686-pc-linux-gnu/4.5.4/python --enable-checking=release --disable-libgcj --with-arch=i686 --enable-languages=c,c++,fortran --enable-shared --enable-threads=posix --enable-__cxa_atexit --enable-clocale=gnu --enable-targets=all --with-bugurl=http://bugs.gentoo.org/ --with-pkgversion='Gentoo 4.5.4 p1.0, pie-0.4.7'
Thread model: posix
gcc version 4.5.4 (Gentoo 4.5.4 p1.0, pie-0.4.7) 
configure:2787: $? = 0
configure:2776: gcc -V >&5
gcc: '-V' option must have argument
configure:2787: $? = 1
configure:2776: gcc -qversion >&5
gcc: unrecognized option '-qversion'
gcc: no input files
configure:2787: $? = 1
configure:2807: checking whether the C compiler works
configure:2829: gcc    conftest.c  >&5
configure:2833: $? = 0
configure:2881: result: yes
configure:2884: checking for C compiler default output file name
configure:2886: result: a.out
configure:2892: checking for suffix of executables
configure:2899: gcc -o conftest    conftest.c  >&5
configure:2903: $? = 0
configure:2925: result: 
configure:2947: checking whether we are cross compiling
configure:2955: gcc -o conftest    conftest.c  >&5
configure:2959: $? = 0
configure:2966: ./conftest
configure:2970: $? = 0
configure:2985: result: no
configure:2990: checking for suffix of object files
configure:3012: gcc -c   conftest.c >&5
configure:3016: $? = 0
configure:3037: result: o
configure:3041: checking whether we are using the GNU C compiler
configure:3060: gcc -c   conftest.c >&5
configure:3060: $? = 0
configure:3069: result: yes
configure:3078: checking whether gcc accepts -g
configure:3098: gcc -c -g  conftest.c >&5
configure:3098: $? = 0
configure:3139: result: yes
configure:3156: checking for gcc option to accept ISO C89
configure:3220: gcc  -c -g -O2  conftest.c >&5
configure:3220: $? = 0
configure:3233: result: none needed
configure:3255: checking dependency style of gcc
configure:3365: result: gcc3
configure:3381: checking for library containing pthread_create
configure:3412: gcc -o conftest -g -O2   conftest.c  >&5
/tmp/cc7p5cmM.o: In function `main':
/home/louxiu/project/sdl/fighter/conftest.c:22: undefined reference to `pthread_create'
collect2: ld returned 1 exit status
configure:3412: $? = 1
configure: failed program was:
| /* confdefs.h */
| #define PACKAGE_NAME "fighter"
| #define PACKAGE_TARNAME "fighter"
| #define PACKAGE_VERSION "1.1"
| #define PACKAGE_STRING "fighter 1.1"
| #define PACKAGE_BUGREPORT ""
| #define PACKAGE_URL ""
| #define PACKAGE "fighter"
| #define VERSION "1.1"
| /* end confdefs.h.  */
| 
| /* Override any GCC internal prototype to avoid an error.
|    Use char because int might match the return type of a GCC
|    builtin and then its argument prototype would still apply.  */
| #ifdef __cplusplus
| extern "C"
| #endif
| char pthread_create ();
| int
| main ()
| {
| return pthread_create ();
|   ;
|   return 0;
| }
configure:3412: gcc -o conftest -g -O2   conftest.c -lpthread   >&5
configure:3412: $? = 0
configure:3429: result: -lpthread
configure:3440: checking for library containing SDL_Init
configure:3471: gcc -o conftest -g -O2   conftest.c -lpthread  >&5
/tmp/ccFJCpxV.o: In function `main':
/home/louxiu/project/sdl/fighter/conftest.c:22: undefined reference to `SDL_Init'
collect2: ld returned 1 exit status
configure:3471: $? = 1
configure: failed program was:
| /* confdefs.h */
| #define PACKAGE_NAME "fighter"
| #define PACKAGE_TARNAME "fighter"
| #define PACKAGE_VERSION "1.1"
| #define PACKAGE_STRING "fighter 1.1"
| #define PACKAGE_BUGREPORT ""
| #define PACKAGE_URL ""
| #define PACKAGE "fighter"
| #define VERSION "1.1"
| /* end confdefs.h.  */
| 
| /* Override any GCC internal prototype to avoid an error.
|    Use char because int might match the return type of a GCC
|    builtin and then its argument prototype would still apply.  */
| #ifdef __cplusplus
| extern "C"
| #endif
| char SDL_Init ();
| int
| main ()
| {
| return SDL_Init ();
|   ;
|   return 0;
| }
configure:3471: gcc -o conftest -g -O2   conftest.c -lSDL  -lpthread  >&5
configure:3471: $? = 0
configure:3488: result: -lSDL
configure:3499: checking for library containing Tcl_CreateInterp
configure:3530: gcc -o conftest -g -O2   conftest.c -lSDL -lpthread  >&5
/tmp/ccJVGa48.o: In function `main':
/home/louxiu/project/sdl/fighter/conftest.c:22: undefined reference to `Tcl_CreateInterp'
collect2: ld returned 1 exit status
configure:3530: $? = 1
configure: failed program was:
| /* confdefs.h */
| #define PACKAGE_NAME "fighter"
| #define PACKAGE_TARNAME "fighter"
| #define PACKAGE_VERSION "1.1"
| #define PACKAGE_STRING "fighter 1.1"
| #define PACKAGE_BUGREPORT ""
| #define PACKAGE_URL ""
| #define PACKAGE "fighter"
| #define VERSION "1.1"
| /* end confdefs.h.  */
| 
| /* Override any GCC internal prototype to avoid an error.
|    Use char because int might match the return type of a GCC
|    builtin and then its argument prototype would still apply.  */
| #ifdef __cplusplus
| extern "C"
| #endif
| char Tcl_CreateInterp ();
| int
| main ()
| {
| return Tcl_CreateInterp ();
|   ;
|   return 0;
| }
configure:3530: gcc -o conftest -g -O2   conftest.c -ltcl  -lSDL -lpthread  >&5
configure:3530: $? = 0
configure:3547: result: -ltcl
configure:3558: checking for library containing scm_init_guile
configure:3589: gcc -o conftest -g -O2   conftest.c -ltcl -lSDL -lpthread  >&5
/tmp/ccXe1rUl.o: In function `main':
/home/louxiu/project/sdl/fighter/conftest.c:22: undefined reference to `scm_init_guile'
collect2: ld returned 1 exit status
configure:3589: $? = 1
configure: failed program was:
| /* confdefs.h */
| #define PACKAGE_NAME "fighter"
| #define PACKAGE_TARNAME "fighter"
| #define PACKAGE_VERSION "1.1"
| #define PACKAGE_STRING "fighter 1.1"
| #define PACKAGE_BUGREPORT ""
| #define PACKAGE_URL ""
| #define PACKAGE "fighter"
| #define VERSION "1.1"
| /* end confdefs.h.  */
| 
| /* Override any GCC internal prototype to avoid an error.
|    Use char because int might match the return type of a GCC
|    builtin and then its argument prototype would still apply.  */
| #ifdef __cplusplus
| extern "C"
| #endif
| char scm_init_guile ();
| int
| main ()
| {
| return scm_init_guile ();
|   ;
|   return 0;
| }
configure:3589: gcc -o conftest -g -O2   conftest.c -lguile  -ltcl -lSDL -lpthread  >&5
configure:3589: $? = 0
configure:3606: result: -lguile
configure:3617: checking for library containing alcOpenDevice
configure:3648: gcc -o conftest -g -O2   conftest.c -lguile -ltcl -lSDL -lpthread  >&5
/tmp/ccQe3k1u.o: In function `main':
/home/louxiu/project/sdl/fighter/conftest.c:22: undefined reference to `alcOpenDevice'
collect2: ld returned 1 exit status
configure:3648: $? = 1
configure: failed program was:
| /* confdefs.h */
| #define PACKAGE_NAME "fighter"
| #define PACKAGE_TARNAME "fighter"
| #define PACKAGE_VERSION "1.1"
| #define PACKAGE_STRING "fighter 1.1"
| #define PACKAGE_BUGREPORT ""
| #define PACKAGE_URL ""
| #define PACKAGE "fighter"
| #define VERSION "1.1"
| /* end confdefs.h.  */
| 
| /* Override any GCC internal prototype to avoid an error.
|    Use char because int might match the return type of a GCC
|    builtin and then its argument prototype would still apply.  */
| #ifdef __cplusplus
| extern "C"
| #endif
| char alcOpenDevice ();
| int
| main ()
| {
| return alcOpenDevice ();
|   ;
|   return 0;
| }
configure:3648: gcc -o conftest -g -O2   conftest.c -lopenal  -lguile -ltcl -lSDL -lpthread  >&5
configure:3648: $? = 0
configure:3665: result: -lopenal
configure:3676: checking for library containing Mix_OpenAudio
configure:3707: gcc -o conftest -g -O2   conftest.c -lopenal -lguile -ltcl -lSDL -lpthread  >&5
/tmp/ccMQhf4I.o: In function `main':
/home/louxiu/project/sdl/fighter/conftest.c:22: undefined reference to `Mix_OpenAudio'
collect2: ld returned 1 exit status
configure:3707: $? = 1
configure: failed program was:
| /* confdefs.h */
| #define PACKAGE_NAME "fighter"
| #define PACKAGE_TARNAME "fighter"
| #define PACKAGE_VERSION "1.1"
| #define PACKAGE_STRING "fighter 1.1"
| #define PACKAGE_BUGREPORT ""
| #define PACKAGE_URL ""
| #define PACKAGE "fighter"
| #define VERSION "1.1"
| /* end confdefs.h.  */
| 
| /* Override any GCC internal prototype to avoid an error.
|    Use char because int might match the return type of a GCC
|    builtin and then its argument prototype would still apply.  */
| #ifdef __cplusplus
| extern "C"
| #endif
| char Mix_OpenAudio ();
| int
| main ()
| {
| return Mix_OpenAudio ();
|   ;
|   return 0;
| }
configure:3707: gcc -o conftest -g -O2   conftest.c -lSDL_mixer  -lopenal -lguile -ltcl -lSDL -lpthread  >&5
configure:3707: $? = 0
configure:3724: result: -lSDL_mixer
configure:3735: checking for library containing sf_open
configure:3766: gcc -o conftest -g -O2   conftest.c -lSDL_mixer -lopenal -lguile -ltcl -lSDL -lpthread  >&5
/tmp/ccYqNyE1.o: In function `main':
/home/louxiu/project/sdl/fighter/conftest.c:22: undefined reference to `sf_open'
collect2: ld returned 1 exit status
configure:3766: $? = 1
configure: failed program was:
| /* confdefs.h */
| #define PACKAGE_NAME "fighter"
| #define PACKAGE_TARNAME "fighter"
| #define PACKAGE_VERSION "1.1"
| #define PACKAGE_STRING "fighter 1.1"
| #define PACKAGE_BUGREPORT ""
| #define PACKAGE_URL ""
| #define PACKAGE "fighter"
| #define VERSION "1.1"
| /* end confdefs.h.  */
| 
| /* Override any GCC internal prototype to avoid an error.
|    Use char because int might match the return type of a GCC
|    builtin and then its argument prototype would still apply.  */
| #ifdef __cplusplus
| extern "C"
| #endif
| char sf_open ();
| int
| main ()
| {
| return sf_open ();
|   ;
|   return 0;
| }
configure:3766: gcc -o conftest -g -O2   conftest.c -lsndfile  -lSDL_mixer -lopenal -lguile -ltcl -lSDL -lpthread  >&5
configure:3766: $? = 0
configure:3783: result: -lsndfile
configure:3794: checking for library containing alutLoadWAVFile
configure:3825: gcc -o conftest -g -O2   conftest.c -lsndfile -lSDL_mixer -lopenal -lguile -ltcl -lSDL -lpthread  >&5
/tmp/cco2xrni.o: In function `main':
/home/louxiu/project/sdl/fighter/conftest.c:22: undefined reference to `alutLoadWAVFile'
collect2: ld returned 1 exit status
configure:3825: $? = 1
configure: failed program was:
| /* confdefs.h */
| #define PACKAGE_NAME "fighter"
| #define PACKAGE_TARNAME "fighter"
| #define PACKAGE_VERSION "1.1"
| #define PACKAGE_STRING "fighter 1.1"
| #define PACKAGE_BUGREPORT ""
| #define PACKAGE_URL ""
| #define PACKAGE "fighter"
| #define VERSION "1.1"
| /* end confdefs.h.  */
| 
| /* Override any GCC internal prototype to avoid an error.
|    Use char because int might match the return type of a GCC
|    builtin and then its argument prototype would still apply.  */
| #ifdef __cplusplus
| extern "C"
| #endif
| char alutLoadWAVFile ();
| int
| main ()
| {
| return alutLoadWAVFile ();
|   ;
|   return 0;
| }
configure:3825: gcc -o conftest -g -O2   conftest.c -lalut  -lsndfile -lSDL_mixer -lopenal -lguile -ltcl -lSDL -lpthread  >&5
configure:3825: $? = 0
configure:3842: result: -lalut
configure:3854: checking for library containing ov_open
configure:3885: gcc -o conftest -g -O2   conftest.c -lalut -lsndfile -lSDL_mixer -lopenal -lguile -ltcl -lSDL -lpthread  >&5
configure:3885: $? = 0
configure:3902: result: none required
configure:3913: checking for library containing ov_open
configure:3961: result: none required
configure:3972: checking for library containing ov_open
configure:4020: result: none required
configure:4082: checking for gcc
configure:4109: result: gcc
configure:4338: checking for C compiler version
configure:4347: gcc --version >&5
gcc (Gentoo 4.5.4 p1.0, pie-0.4.7) 4.5.4
Copyright (C) 2010 Free Software Foundation, Inc.
This is free software; see the source for copying conditions.  There is NO
warranty; not even for MERCHANTABILITY or FITNESS FOR A PARTICULAR PURPOSE.

configure:4358: $? = 0
configure:4347: gcc -v >&5
Using built-in specs.
COLLECT_GCC=/usr/i686-pc-linux-gnu/gcc-bin/4.5.4/gcc
COLLECT_LTO_WRAPPER=/usr/libexec/gcc/i686-pc-linux-gnu/4.5.4/lto-wrapper
Target: i686-pc-linux-gnu
Configured with: /var/tmp/portage/sys-devel/gcc-4.5.4/work/gcc-4.5.4/configure --prefix=/usr --bindir=/usr/i686-pc-linux-gnu/gcc-bin/4.5.4 --includedir=/usr/lib/gcc/i686-pc-linux-gnu/4.5.4/include --datadir=/usr/share/gcc-data/i686-pc-linux-gnu/4.5.4 --mandir=/usr/share/gcc-data/i686-pc-linux-gnu/4.5.4/man --infodir=/usr/share/gcc-data/i686-pc-linux-gnu/4.5.4/info --with-gxx-include-dir=/usr/lib/gcc/i686-pc-linux-gnu/4.5.4/include/g++-v4 --host=i686-pc-linux-gnu --build=i686-pc-linux-gnu --disable-altivec --disable-fixed-point --without-ppl --without-cloog --disable-lto --enable-nls --without-included-gettext --with-system-zlib --enable-obsolete --disable-werror --enable-secureplt --disable-multilib --enable-libmudflap --disable-libssp --enable-libgomp --with-python-dir=/share/gcc-data/i686-pc-linux-gnu/4.5.4/python --enable-checking=release --disable-libgcj --with-arch=i686 --enable-languages=c,c++,fortran --enable-shared --enable-threads=posix --enable-__cxa_atexit --enable-clocale=gnu --enable-targets=all --with-bugurl=http://bugs.gentoo.org/ --with-pkgversion='Gentoo 4.5.4 p1.0, pie-0.4.7'
Thread model: posix
gcc version 4.5.4 (Gentoo 4.5.4 p1.0, pie-0.4.7) 
configure:4358: $? = 0
configure:4347: gcc -V >&5
gcc: '-V' option must have argument
configure:4358: $? = 1
configure:4347: gcc -qversion >&5
gcc: unrecognized option '-qversion'
gcc: no input files
configure:4358: $? = 1
configure:4362: checking whether we are using the GNU C compiler
configure:4390: result: yes
configure:4399: checking whether gcc accepts -g
configure:4460: result: yes
configure:4477: checking for gcc option to accept ISO C89
configure:4554: result: none needed
configure:4576: checking dependency style of gcc
configure:4686: result: gcc3
configure:4703: checking whether gcc and cc understand -c and -o together
configure:4734: gcc -c conftest.c -o conftest2.o >&5
configure:4738: $? = 0
configure:4744: gcc -c conftest.c -o conftest2.o >&5
configure:4748: $? = 0
configure:4759: cc -c conftest.c >&5
configure:4763: $? = 0
configure:4771: cc -c conftest.c -o conftest2.o >&5
configure:4775: $? = 0
configure:4781: cc -c conftest.c -o conftest2.o >&5
configure:4785: $? = 0
configure:4803: result: yes
configure:4829: checking for library containing strerror
configure:4860: gcc -o conftest -g -O2   conftest.c -lalut -lsndfile -lSDL_mixer -lopenal -lguile -ltcl -lSDL -lpthread  >&5
configure:4860: $? = 0
configure:4877: result: none required
configure:4891: checking how to run the C preprocessor
configure:4922: gcc -E  conftest.c
configure:4922: $? = 0
configure:4936: gcc -E  conftest.c
conftest.c:11:28: fatal error: ac_nonexistent.h: No such file or directory
compilation terminated.
configure:4936: $? = 1
configure: failed program was:
| /* confdefs.h */
| #define PACKAGE_NAME "fighter"
| #define PACKAGE_TARNAME "fighter"
| #define PACKAGE_VERSION "1.1"
| #define PACKAGE_STRING "fighter 1.1"
| #define PACKAGE_BUGREPORT ""
| #define PACKAGE_URL ""
| #define PACKAGE "fighter"
| #define VERSION "1.1"
| /* end confdefs.h.  */
| #include <ac_nonexistent.h>
configure:4961: result: gcc -E
configure:4981: gcc -E  conftest.c
configure:4981: $? = 0
configure:4995: gcc -E  conftest.c
conftest.c:11:28: fatal error: ac_nonexistent.h: No such file or directory
compilation terminated.
configure:4995: $? = 1
configure: failed program was:
| /* confdefs.h */
| #define PACKAGE_NAME "fighter"
| #define PACKAGE_TARNAME "fighter"
| #define PACKAGE_VERSION "1.1"
| #define PACKAGE_STRING "fighter 1.1"
| #define PACKAGE_BUGREPORT ""
| #define PACKAGE_URL ""
| #define PACKAGE "fighter"
| #define VERSION "1.1"
| /* end confdefs.h.  */
| #include <ac_nonexistent.h>
configure:5024: checking for grep that handles long lines and -e
configure:5082: result: /bin/grep
configure:5087: checking for egrep
configure:5149: result: /bin/grep -E
configure:5154: checking for ANSI C header files
configure:5174: gcc -c -g -O2  conftest.c >&5
configure:5174: $? = 0
configure:5247: gcc -o conftest -g -O2   conftest.c -lalut -lsndfile -lSDL_mixer -lopenal -lguile -ltcl -lSDL -lpthread  >&5
configure:5247: $? = 0
configure:5247: ./conftest
configure:5247: $? = 0
configure:5258: result: yes
configure:5401: creating ./config.status

## ---------------------- ##
## Running config.status. ##
## ---------------------- ##

This file was extended by fighter config.status 1.1, which was
generated by GNU Autoconf 2.68.  Invocation command line was

  CONFIG_FILES    = 
  CONFIG_HEADERS  = 
  CONFIG_LINKS    = 
  CONFIG_COMMANDS = 
  $ ./config.status 

on louxiu

config.status:851: creating Makefile
config.status:851: creating src/Makefile
config.status:851: creating config.h
config.status:1032: config.h is unchanged
config.status:1080: executing depfiles commands

## ---------------- ##
## Cache variables. ##
## ---------------- ##

ac_cv_c_compiler_gnu=yes
ac_cv_env_CC_set=
ac_cv_env_CC_value=
ac_cv_env_CFLAGS_set=
ac_cv_env_CFLAGS_value=
ac_cv_env_CPPFLAGS_set=
ac_cv_env_CPPFLAGS_value=
ac_cv_env_CPP_set=
ac_cv_env_CPP_value=
ac_cv_env_LDFLAGS_set=
ac_cv_env_LDFLAGS_value=
ac_cv_env_LIBS_set=
ac_cv_env_LIBS_value=
ac_cv_env_build_alias_set=
ac_cv_env_build_alias_value=
ac_cv_env_host_alias_set=
ac_cv_env_host_alias_value=
ac_cv_env_target_alias_set=
ac_cv_env_target_alias_value=
ac_cv_header_stdc=yes
ac_cv_objext=o
ac_cv_path_EGREP='/bin/grep -E'
ac_cv_path_GREP=/bin/grep
ac_cv_path_install='/usr/bin/install -c'
ac_cv_path_mkdir=/bin/mkdir
ac_cv_prog_AWK=gawk
ac_cv_prog_CPP='gcc -E'
ac_cv_prog_ac_ct_CC=gcc
ac_cv_prog_cc_c89=
ac_cv_prog_cc_g=yes
ac_cv_prog_cc_gcc_c_o=yes
ac_cv_prog_make_make_set=yes
ac_cv_search_Mix_OpenAudio=-lSDL_mixer
ac_cv_search_SDL_Init=-lSDL
ac_cv_search_Tcl_CreateInterp=-ltcl
ac_cv_search_alcOpenDevice=-lopenal
ac_cv_search_alutLoadWAVFile=-lalut
ac_cv_search_ov_open='none required'
ac_cv_search_pthread_create=-lpthread
ac_cv_search_scm_init_guile=-lguile
ac_cv_search_sf_open=-lsndfile
ac_cv_search_strerror='none required'
am_cv_CC_dependencies_compiler_type=gcc3

## ----------------- ##
## Output variables. ##
## ----------------- ##

ACLOCAL='${SHELL} /home/louxiu/project/sdl/fighter/missing --run aclocal-1.11'
AMDEPBACKSLASH='\'
AMDEP_FALSE='#'
AMDEP_TRUE=''
AMTAR='${SHELL} /home/louxiu/project/sdl/fighter/missing --run tar'
AUTOCONF='${SHELL} /home/louxiu/project/sdl/fighter/missing --run autoconf'
AUTOHEADER='${SHELL} /home/louxiu/project/sdl/fighter/missing --run autoheader'
AUTOMAKE='${SHELL} /home/louxiu/project/sdl/fighter/missing --run automake-1.11'
AWK='gawk'
CC='gcc'
CCDEPMODE='depmode=gcc3'
CFLAGS='-g -O2'
CPP='gcc -E'
CPPFLAGS=''
CYGPATH_W='echo'
DEFS='-DHAVE_CONFIG_H'
DEPDIR='.deps'
ECHO_C=''
ECHO_N='-n'
ECHO_T=''
EGREP='/bin/grep -E'
EXEEXT=''
GREP='/bin/grep'
INSTALL_DATA='${INSTALL} -m 644'
INSTALL_PROGRAM='${INSTALL}'
INSTALL_SCRIPT='${INSTALL}'
INSTALL_STRIP_PROGRAM='$(install_sh) -c -s'
LDFLAGS=''
LIBOBJS=''
LIBS='-lalut -lsndfile -lSDL_mixer -lopenal -lguile -ltcl -lSDL -lpthread '
LTLIBOBJS=''
MAKEINFO='${SHELL} /home/louxiu/project/sdl/fighter/missing --run makeinfo'
MKDIR_P='/bin/mkdir -p'
OBJEXT='o'
PACKAGE='fighter'
PACKAGE_BUGREPORT=''
PACKAGE_NAME='fighter'
PACKAGE_STRING='fighter 1.1'
PACKAGE_TARNAME='fighter'
PACKAGE_URL=''
PACKAGE_VERSION='1.1'
PATH_SEPARATOR=':'
SET_MAKE=''
SHELL='/bin/sh'
STRIP=''
VERSION='1.1'
ac_ct_CC='gcc'
am__EXEEXT_FALSE=''
am__EXEEXT_TRUE='#'
am__fastdepCC_FALSE='#'
am__fastdepCC_TRUE=''
am__include='include'
am__isrc=''
am__leading_dot='.'
am__quote=''
am__tar='${AMTAR} chof - "$$tardir"'
am__untar='${AMTAR} xf -'
bindir='${exec_prefix}/bin'
build_alias=''
datadir='${datarootdir}'
datarootdir='${prefix}/share'
docdir='${datarootdir}/doc/${PACKAGE_TARNAME}'
dvidir='${docdir}'
exec_prefix='${prefix}'
host_alias=''
htmldir='${docdir}'
includedir='${prefix}/include'
infodir='${datarootdir}/info'
install_sh='${SHELL} /home/louxiu/project/sdl/fighter/install-sh'
libdir='${exec_prefix}/lib'
libexecdir='${exec_prefix}/libexec'
localedir='${datarootdir}/locale'
localstatedir='${prefix}/var'
mandir='${datarootdir}/man'
mkdir_p='/bin/mkdir -p'
oldincludedir='/usr/include'
pdfdir='${docdir}'
prefix='/usr/local'
program_transform_name='s,x,x,'
psdir='${docdir}'
sbindir='${exec_prefix}/sbin'
sharedstatedir='${prefix}/com'
sysconfdir='${prefix}/etc'
target_alias=''

## ----------- ##
## confdefs.h. ##
## ----------- ##

/* confdefs.h */
#define PACKAGE_NAME "fighter"
#define PACKAGE_TARNAME "fighter"
#define PACKAGE_VERSION "1.1"
#define PACKAGE_STRING "fighter 1.1"
#define PACKAGE_BUGREPORT ""
#define PACKAGE_URL ""
#define PACKAGE "fighter"
#define VERSION "1.1"
#define STDC_HEADERS 1

configure: exit 0

## ---------------------- ##
## Running config.status. ##
## ---------------------- ##

This file was extended by fighter config.status 1.1, which was
generated by GNU Autoconf 2.68.  Invocation command line was

  CONFIG_FILES    = 
  CONFIG_HEADERS  = 
  CONFIG_LINKS    = 
  CONFIG_COMMANDS = 
  $ ./config.status config.h

on louxiu

config.status:851: creating config.h
config.status:1032: config.h is unchanged
